POST /freeboard.txt HTTP/1.1
Host: localhost:8080
User-Agent: curl/7.64.1
Accept: */*
Content-Type: application/octet-stream
Transfer-Encoding: chunked

40
This is the first chunk&This is the second chunk&And this is t
;
0


This is the first chunk&This is the second chunk&And this is t
;
HTTP/1.1 204 No Content
Server: webserv/1.0
Date: Sun, 26 May 2024 12:00:47 GMT
Connection: keep-alive



POST /freeboard.txt HTTP/1.1
Host: localhost:8080
User-Agent: curl/7.64.1
Accept: */*
Content-Type: application/octet-stream
Transfer-Encoding: chunked

4c
This is the first chunk&This is the second chunk&And this is the final chunk
0


This is the first chunk&This is the second chunk&And this is the final chunk
HTTP/1.1 204 No Content
Server: webserv/1.0
Date: Sun, 26 May 2024 12:00:54 GMT
Connection: keep-alive



